digraph Tree {
node [shape=box, style="filled, rounded", color="black", fontname=helvetica] ;
edge [fontname=helvetica] ;
0 [label=<X<SUB>0</SUB> &le; 2.5<br/>gini = 0.42<br/>samples = 1000<br/>value = [700, 300]>, fillcolor="#e5813992"] ;
1 [label=<X<SUB>1</SUB> &le; 22.5<br/>gini = 0.4933<br/>samples = 543<br/>value = [303, 240]>, fillcolor="#e5813935"] ;
0 -> 1 [labeldistance=2.5, labelangle=45, headlabel="True"] ;
2 [label=<X<SUB>2</SUB> &le; 1.5<br/>gini = 0.4528<br/>samples = 306<br/>value = [200, 106]>, fillcolor="#e5813978"] ;
1 -> 2 ;
3 [label=<X<SUB>13</SUB> &le; 1.5<br/>gini = 0.375<br/>samples = 28<br/>value = [7, 21]>, fillcolor="#399de5aa"] ;
2 -> 3 ;
4 [label=<X<SUB>3</SUB> &le; 3.5<br/>gini = 0.1884<br/>samples = 19<br/>value = [2, 17]>, fillcolor="#399de5e1"] ;
3 -> 4 ;
5 [label=<gini = 0.0<br/>samples = 1<br/>value = [1, 0]>, fillcolor="#e58139ff"] ;
4 -> 5 ;
6 [label=<gini = 0.1049<br/>samples = 18<br/>value = [1, 17]>, fillcolor="#399de5f0"] ;
4 -> 6 ;
7 [label=<X<SUB>1</SUB> &le; 16.5<br/>gini = 0.4938<br/>samples = 9<br/>value = [5, 4]>, fillcolor="#e5813933"] ;
3 -> 7 ;
8 [label=<gini = 0.32<br/>samples = 5<br/>value = [1, 4]>, fillcolor="#399de5bf"] ;
7 -> 8 ;
9 [label=<gini = 0.0<br/>samples = 4<br/>value = [4, 0]>, fillcolor="#e58139ff"] ;
7 -> 9 ;
10 [label=<X<SUB>3</SUB> &le; 87.5<br/>gini = 0.4245<br/>samples = 278<br/>value = [193, 85]>, fillcolor="#e581398f"] ;
2 -> 10 ;
11 [label=<X<SUB>1</SUB> &le; 11.5<br/>gini = 0.4165<br/>samples = 274<br/>value = [193, 81]>, fillcolor="#e5813994"] ;
10 -> 11 ;
12 [label=<gini = 0.2604<br/>samples = 78<br/>value = [66, 12]>, fillcolor="#e58139d1"] ;
11 -> 12 ;
13 [label=<gini = 0.4562<br/>samples = 196<br/>value = [127, 69]>, fillcolor="#e5813974"] ;
11 -> 13 ;
14 [label=<gini = 0.0<br/>samples = 4<br/>value = [0, 4]>, fillcolor="#399de5ff"] ;
10 -> 14 ;
15 [label=<X<SUB>4</SUB> &le; 3.5<br/>gini = 0.4914<br/>samples = 237<br/>value = [103, 134]>, fillcolor="#399de53b"] ;
1 -> 15 ;
16 [label=<X<SUB>1</SUB> &le; 47.5<br/>gini = 0.47<br/>samples = 196<br/>value = [74, 122]>, fillcolor="#399de564"] ;
15 -> 16 ;
17 [label=<X<SUB>16</SUB> &le; 0.5<br/>gini = 0.4905<br/>samples = 160<br/>value = [69, 91]>, fillcolor="#399de53e"] ;
16 -> 17 ;
18 [label=<gini = 0.471<br/>samples = 137<br/>value = [52, 85]>, fillcolor="#399de563"] ;
17 -> 18 ;
19 [label=<gini = 0.3856<br/>samples = 23<br/>value = [17, 6]>, fillcolor="#e58139a5"] ;
17 -> 19 ;
20 [label=<X<SUB>7</SUB> &le; 1.5<br/>gini = 0.2392<br/>samples = 36<br/>value = [5, 31]>, fillcolor="#399de5d6"] ;
16 -> 20 ;
21 [label=<gini = 0.4444<br/>samples = 3<br/>value = [2, 1]>, fillcolor="#e581397f"] ;
20 -> 21 ;
22 [label=<gini = 0.1653<br/>samples = 33<br/>value = [3, 30]>, fillcolor="#399de5e6"] ;
20 -> 22 ;
23 [label=<X<SUB>0</SUB> &le; 1.5<br/>gini = 0.414<br/>samples = 41<br/>value = [29, 12]>, fillcolor="#e5813995"] ;
15 -> 23 ;
24 [label=<X<SUB>11</SUB> &le; 1.5<br/>gini = 0.4844<br/>samples = 17<br/>value = [7, 10]>, fillcolor="#399de54d"] ;
23 -> 24 ;
25 [label=<gini = 0.355<br/>samples = 13<br/>value = [3, 10]>, fillcolor="#399de5b3"] ;
24 -> 25 ;
26 [label=<gini = 0.0<br/>samples = 4<br/>value = [4, 0]>, fillcolor="#e58139ff"] ;
24 -> 26 ;
27 [label=<X<SUB>3</SUB> &le; 123.0<br/>gini = 0.1528<br/>samples = 24<br/>value = [22, 2]>, fillcolor="#e58139e8"] ;
23 -> 27 ;
28 [label=<gini = 0.0832<br/>samples = 23<br/>value = [22, 1]>, fillcolor="#e58139f3"] ;
27 -> 28 ;
29 [label=<gini = 0.0<br/>samples = 1<br/>value = [0, 1]>, fillcolor="#399de5ff"] ;
27 -> 29 ;
30 [label=<X<SUB>10</SUB> &le; 2.5<br/>gini = 0.2281<br/>samples = 457<br/>value = [397, 60]>, fillcolor="#e58139d8"] ;
0 -> 30 [labeldistance=2.5, labelangle=-45, headlabel="False"] ;
31 [label=<X<SUB>9</SUB> &le; 44.5<br/>gini = 0.4114<br/>samples = 76<br/>value = [54, 22]>, fillcolor="#e5813997"] ;
30 -> 31 ;
32 [label=<X<SUB>9</SUB> &le; 36.5<br/>gini = 0.4585<br/>samples = 59<br/>value = [38, 21]>, fillcolor="#e5813972"] ;
31 -> 32 ;
33 [label=<X<SUB>11</SUB> &le; 1.5<br/>gini = 0.3807<br/>samples = 43<br/>value = [32, 11]>, fillcolor="#e58139a7"] ;
32 -> 33 ;
34 [label=<gini = 0.2268<br/>samples = 23<br/>value = [20, 3]>, fillcolor="#e58139d9"] ;
33 -> 34 ;
35 [label=<gini = 0.48<br/>samples = 20<br/>value = [12, 8]>, fillcolor="#e5813955"] ;
33 -> 35 ;
36 [label=<X<SUB>1</SUB> &le; 9.0<br/>gini = 0.4688<br/>samples = 16<br/>value = [6, 10]>, fillcolor="#399de566"] ;
32 -> 36 ;
37 [label=<gini = 0.0<br/>samples = 2<br/>value = [2, 0]>, fillcolor="#e58139ff"] ;
36 -> 37 ;
38 [label=<gini = 0.4082<br/>samples = 14<br/>value = [4, 10]>, fillcolor="#399de599"] ;
36 -> 38 ;
39 [label=<X<SUB>8</SUB> &le; 1.5<br/>gini = 0.1107<br/>samples = 17<br/>value = [16, 1]>, fillcolor="#e58139ef"] ;
31 -> 39 ;
40 [label=<gini = 0.0<br/>samples = 1<br/>value = [0, 1]>, fillcolor="#399de5ff"] ;
39 -> 40 ;
41 [label=<gini = 0.0<br/>samples = 16<br/>value = [16, 0]>, fillcolor="#e58139ff"] ;
39 -> 41 ;
42 [label=<X<SUB>5</SUB> &le; 2.5<br/>gini = 0.1796<br/>samples = 381<br/>value = [343, 38]>, fillcolor="#e58139e3"] ;
30 -> 42 ;
43 [label=<X<SUB>3</SUB> &le; 67.0<br/>gini = 0.3343<br/>samples = 66<br/>value = [52, 14]>, fillcolor="#e58139ba"] ;
42 -> 43 ;
44 [label=<X<SUB>18</SUB> &le; 0.5<br/>gini = 0.2706<br/>samples = 62<br/>value = [52, 10]>, fillcolor="#e58139ce"] ;
43 -> 44 ;
45 [label=<gini = 0.2091<br/>samples = 59<br/>value = [52, 7]>, fillcolor="#e58139dd"] ;
44 -> 45 ;
46 [label=<gini = 0.0<br/>samples = 3<br/>value = [0, 3]>, fillcolor="#399de5ff"] ;
44 -> 46 ;
47 [label=<gini = 0.0<br/>samples = 4<br/>value = [0, 4]>, fillcolor="#399de5ff"] ;
43 -> 47 ;
48 [label=<X<SUB>9</SUB> &le; 30.5<br/>gini = 0.1408<br/>samples = 315<br/>value = [291, 24]>, fillcolor="#e58139ea"] ;
42 -> 48 ;
49 [label=<X<SUB>11</SUB> &le; 2.5<br/>gini = 0.2349<br/>samples = 103<br/>value = [89, 14]>, fillcolor="#e58139d7"] ;
48 -> 49 ;
50 [label=<gini = 0.2224<br/>samples = 102<br/>value = [89, 13]>, fillcolor="#e58139da"] ;
49 -> 50 ;
51 [label=<gini = 0.0<br/>samples = 1<br/>value = [0, 1]>, fillcolor="#399de5ff"] ;
49 -> 51 ;
52 [label=<X<SUB>9</SUB> &le; 65.5<br/>gini = 0.0899<br/>samples = 212<br/>value = [202, 10]>, fillcolor="#e58139f2"] ;
48 -> 52 ;
53 [label=<gini = 0.0743<br/>samples = 207<br/>value = [199, 8]>, fillcolor="#e58139f5"] ;
52 -> 53 ;
54 [label=<gini = 0.48<br/>samples = 5<br/>value = [3, 2]>, fillcolor="#e5813955"] ;
52 -> 54 ;
}